<?xml version="1.0" encoding="UTF-8"?>
<testng-results skipped="0" failed="0" ignored="0" total="4" passed="4">
  <reporter-output>
  </reporter-output>
  <suite name="ROB" duration-ms="68" started-at="2018-11-07T12:26:46Z" finished-at="2018-11-07T12:26:46Z">
    <groups>
    </groups>
    <test name="ROB_Execution" duration-ms="68" started-at="2018-11-07T12:26:46Z" finished-at="2018-11-07T12:26:46Z">
      <class name="_rob.ROB_Test_Example1">
        <test-method status="PASS" signature="step_1_1()[pri:0, instance:_rob.ROB_Test_Example1@cc285f4]" name="step_1_1" duration-ms="6" started-at="2018-11-07T12:26:46Z" finished-at="2018-11-07T12:26:46Z">
          <reporter-output>
          </reporter-output>
        </test-method> <!-- step_1_1 -->
        <test-method status="PASS" signature="step_2_1()[pri:0, instance:_rob.ROB_Test_Example1@cc285f4]" name="step_2_1" duration-ms="2" started-at="2018-11-07T12:26:46Z" finished-at="2018-11-07T12:26:46Z">
          <reporter-output>
          </reporter-output>
        </test-method> <!-- step_2_1 -->
      </class> <!-- _rob.ROB_Test_Example1 -->
      <class name="_rob.ROB_Test_Example2">
        <test-method status="PASS" signature="step_1_2()[pri:0, instance:_rob.ROB_Test_Example2@55f3ddb1]" name="step_1_2" duration-ms="1" started-at="2018-11-07T12:26:46Z" finished-at="2018-11-07T12:26:46Z">
          <reporter-output>
          </reporter-output>
        </test-method> <!-- step_1_2 -->
        <test-method status="PASS" signature="step_2_2()[pri:0, instance:_rob.ROB_Test_Example2@55f3ddb1]" name="step_2_2" duration-ms="2" started-at="2018-11-07T12:26:46Z" finished-at="2018-11-07T12:26:46Z">
          <reporter-output>
          </reporter-output>
        </test-method> <!-- step_2_2 -->
      </class> <!-- _rob.ROB_Test_Example2 -->
      <class name="common.Base">
        <test-method status="PASS" signature="setup()[pri:0, instance:common.Base@c038203]" name="setup" is-config="true" duration-ms="16" started-at="2018-11-07T12:26:46Z" finished-at="2018-11-07T12:26:46Z">
          <reporter-output>
          </reporter-output>
        </test-method> <!-- setup -->
        <test-method status="PASS" signature="teardown()[pri:0, instance:common.Base@c038203]" name="teardown" is-config="true" duration-ms="1" started-at="2018-11-07T12:26:46Z" finished-at="2018-11-07T12:26:46Z">
          <reporter-output>
          </reporter-output>
        </test-method> <!-- teardown -->
      </class> <!-- common.Base -->
    </test> <!-- ROB_Execution -->
  </suite> <!-- ROB -->
</testng-results>
