<?xml version="1.0" encoding="UTF-8"?>
<!-- Generated by org.testng.reporters.JUnitXMLReporter -->
<testsuite hostname="Brians-MacBook-Air.local" ignored="0" name="ROB_Execution" tests="4" failures="0" timestamp="07 Nov 2018 12:26:46 GMT" time="0.068" errors="0">
  <testcase name="step_1_1" time="0.006" classname="_rob.ROB_Test_Example1"/>
  <testcase name="step_2_1" time="0.002" classname="_rob.ROB_Test_Example1"/>
  <testcase name="step_1_2" time="0.001" classname="_rob.ROB_Test_Example2"/>
  <testcase name="step_2_2" time="0.002" classname="_rob.ROB_Test_Example2"/>
</testsuite> <!-- ROB_Execution -->
